<?xml version="1.0" encoding="UTF-8"?>
<!-- Generated by org.testng.reporters.JUnitReportReporter -->
<testsuite hostname="DESKTOP-VHNDH9Q" failures="0" tests="3" name="api.test.DDTests" time="2.535" errors="0" timestamp="2024-01-28T23:50:53 CST" skipped="0">
  <testcase classname="api.test.DDTests" name="testDeleteOrderByID" time="0.462"/>
  <system-out/>
  <testcase classname="api.test.DDTests" name="testDeleteOrderByID" time="1.652"/>
  <system-out/>
  <testcase classname="api.test.DDTests" name="testDeleteOrderByID" time="0.421"/>
  <system-out/>
</testsuite> <!-- api.test.DDTests -->
