<?xml version="1.0" encoding="UTF-8"?>
<!-- Generated by org.testng.reporters.JUnitReportReporter -->
<testsuite hostname="DESKTOP-VHNDH9Q" failures="0" tests="3" name="api.test.StoreTests" time="3.183" errors="0" timestamp="2024-01-28T17:56:22 CST" skipped="0">
  <testcase classname="api.test.StoreTests" name="testGetOrderByID" time="0.455"/>
  <system-out/>
  <testcase classname="api.test.StoreTests" name="testDeleteOrderByID" time="2.011"/>
  <system-out/>
  <testcase classname="api.test.StoreTests" name="testPostOrder" time="0.717"/>
  <system-out/>
</testsuite> <!-- api.test.StoreTests -->
