<?xml version="1.0" encoding="UTF-8"?>
<!-- Generated by org.testng.reporters.JUnitReportReporter -->
<testsuite hostname="DESKTOP-VHNDH9Q" failures="0" tests="4" name="api.test.UserTests" time="4.390" errors="0" timestamp="2024-01-28T11:57:30 CST" skipped="0">
  <testcase classname="api.test.UserTests" name="testPostUser" time="2.971"/>
  <system-out/>
  <testcase classname="api.test.UserTests" name="testGetUserByName" time="0.488"/>
  <system-out/>
  <testcase classname="api.test.UserTests" name="testPutUser" time="0.476"/>
  <system-out/>
  <testcase classname="api.test.UserTests" name="testDeleteUser" time="0.455"/>
  <system-out/>
</testsuite> <!-- api.test.UserTests -->
